c:\users\jonathan\source\repos\casweb\precompilehtml\x64\debug\vc142.pdb
c:\users\jonathan\source\repos\casweb\precompilehtml\x64\debug\vc142.idb
c:\users\jonathan\source\repos\casweb\precompilehtml\x64\debug\htmlparser.sbr
c:\users\jonathan\source\repos\casweb\precompilehtml\x64\debug\main.sbr
c:\users\jonathan\source\repos\casweb\precompilehtml\x64\debug\main.obj
c:\users\jonathan\source\repos\casweb\precompilehtml\x64\debug\htmlparser.obj
c:\users\jonathan\source\repos\casweb\precompilehtml\x64\debug\compiler.sbr
c:\users\jonathan\source\repos\casweb\precompilehtml\x64\debug\compiler.obj
c:\users\jonathan\source\repos\casweb\x64\debug\precompilehtml.exe
c:\users\jonathan\source\repos\casweb\x64\debug\precompilehtml.ilk
c:\users\jonathan\source\repos\casweb\x64\debug\precompilehtml.pdb
c:\users\jonathan\source\repos\casweb\x64\debug\precompilehtml.lib
c:\users\jonathan\source\repos\casweb\x64\debug\precompilehtml.exp
c:\users\jonathan\source\repos\casweb\precompilehtml\x64\debug\compiler.obj.enc
c:\users\jonathan\source\repos\casweb\precompilehtml\x64\debug\htmlparser.obj.enc
c:\users\jonathan\source\repos\casweb\precompilehtml\x64\debug\main.obj.enc
c:\users\jonathan\source\repos\casweb\precompilehtml\x64\debug\active_formatting.sbr
c:\users\jonathan\source\repos\casweb\precompilehtml\x64\debug\after_after_body.sbr
c:\users\jonathan\source\repos\casweb\precompilehtml\x64\debug\after_after_frameset.sbr
c:\users\jonathan\source\repos\casweb\precompilehtml\x64\debug\after_body.sbr
c:\users\jonathan\source\repos\casweb\precompilehtml\x64\debug\after_frameset.sbr
c:\users\jonathan\source\repos\casweb\precompilehtml\x64\debug\after_head.sbr
c:\users\jonathan\source\repos\casweb\precompilehtml\x64\debug\anchor_element.sbr
c:\users\jonathan\source\repos\casweb\precompilehtml\x64\debug\area_element.sbr
c:\users\jonathan\source\repos\casweb\precompilehtml\x64\debug\array.sbr
c:\users\jonathan\source\repos\casweb\precompilehtml\x64\debug\array_obj.sbr
c:\users\jonathan\source\repos\casweb\precompilehtml\x64\debug\attr.sbr
c:\users\jonathan\source\repos\casweb\precompilehtml\x64\debug\audio_element.sbr
c:\users\jonathan\source\repos\casweb\precompilehtml\x64\debug\avl.sbr
c:\users\jonathan\source\repos\casweb\precompilehtml\x64\debug\base_element.sbr
c:\users\jonathan\source\repos\casweb\precompilehtml\x64\debug\before_head.sbr
c:\users\jonathan\source\repos\casweb\precompilehtml\x64\debug\before_html.sbr
c:\users\jonathan\source\repos\casweb\precompilehtml\x64\debug\big5.sbr
c:\users\jonathan\source\repos\casweb\precompilehtml\x64\debug\body_element.sbr
c:\users\jonathan\source\repos\casweb\precompilehtml\x64\debug\br_element.sbr
c:\users\jonathan\source\repos\casweb\precompilehtml\x64\debug\bst.sbr
c:\users\jonathan\source\repos\casweb\precompilehtml\x64\debug\bst_map.sbr
c:\users\jonathan\source\repos\casweb\precompilehtml\x64\debug\button_element.sbr
c:\users\jonathan\source\repos\casweb\precompilehtml\x64\debug\canvas_element.sbr
c:\users\jonathan\source\repos\casweb\precompilehtml\x64\debug\cdata_section.sbr
c:\users\jonathan\source\repos\casweb\precompilehtml\x64\debug\character_data.sbr
c:\users\jonathan\source\repos\casweb\precompilehtml\x64\debug\collection.sbr
c:\users\jonathan\source\repos\casweb\precompilehtml\x64\debug\comment.sbr
c:\users\jonathan\source\repos\casweb\precompilehtml\x64\debug\consume.sbr
c:\users\jonathan\source\repos\casweb\precompilehtml\x64\debug\conv.sbr
c:\users\jonathan\source\repos\casweb\precompilehtml\x64\debug\data_element.sbr
c:\users\jonathan\source\repos\casweb\precompilehtml\x64\debug\data_list_element.sbr
c:\users\jonathan\source\repos\casweb\precompilehtml\x64\debug\decode.sbr
c:\users\jonathan\source\repos\casweb\precompilehtml\x64\debug\details_element.sbr
c:\users\jonathan\source\repos\casweb\precompilehtml\x64\debug\dialog_element.sbr
c:\users\jonathan\source\repos\casweb\precompilehtml\x64\debug\directory_element.sbr
c:\users\jonathan\source\repos\casweb\precompilehtml\x64\debug\div_element.sbr
c:\users\jonathan\source\repos\casweb\precompilehtml\x64\debug\diyfp.sbr
c:\users\jonathan\source\repos\casweb\precompilehtml\x64\debug\dobject.sbr
c:\users\jonathan\source\repos\casweb\precompilehtml\x64\debug\document.sbr
c:\users\jonathan\source\repos\casweb\precompilehtml\x64\debug\document_fragment.sbr
c:\users\jonathan\source\repos\casweb\precompilehtml\x64\debug\document_type.sbr
c:\users\jonathan\source\repos\casweb\precompilehtml\x64\debug\dtoa.sbr
c:\users\jonathan\source\repos\casweb\precompilehtml\x64\debug\d_list_element.sbr
c:\users\jonathan\source\repos\casweb\precompilehtml\x64\debug\element.sbr
c:\users\jonathan\source\repos\casweb\precompilehtml\x64\debug\embed_element.sbr
c:\users\jonathan\source\repos\casweb\precompilehtml\x64\debug\encode.sbr
c:\users\jonathan\source\repos\casweb\precompilehtml\x64\debug\encoding.sbr
c:\users\jonathan\source\repos\casweb\precompilehtml\x64\debug\error.sbr
c:\users\jonathan\source\repos\casweb\precompilehtml\x64\debug\euc_kr.sbr
c:\users\jonathan\source\repos\casweb\precompilehtml\x64\debug\event_target.sbr
c:\users\jonathan\source\repos\casweb\precompilehtml\x64\debug\exception.sbr
c:\users\jonathan\source\repos\casweb\precompilehtml\x64\debug\field_set_element.sbr
c:\users\jonathan\source\repos\casweb\precompilehtml\x64\debug\font_element.sbr
c:\users\jonathan\source\repos\casweb\precompilehtml\x64\debug\foreign_content.sbr
c:\users\jonathan\source\repos\casweb\precompilehtml\x64\debug\form_element.sbr
c:\users\jonathan\source\repos\casweb\precompilehtml\x64\debug\frame_element.sbr
c:\users\jonathan\source\repos\casweb\precompilehtml\x64\debug\frame_set_element.sbr
c:\users\jonathan\source\repos\casweb\precompilehtml\x64\debug\fs.sbr
c:\users\jonathan\source\repos\casweb\precompilehtml\x64\debug\gb18030.sbr
c:\users\jonathan\source\repos\casweb\precompilehtml\x64\debug\heading_element.sbr
c:\users\jonathan\source\repos\casweb\precompilehtml\x64\debug\head_element.sbr
c:\users\jonathan\source\repos\casweb\precompilehtml\x64\debug\hr_element.sbr
c:\users\jonathan\source\repos\casweb\precompilehtml\x64\debug\html.sbr
c:\users\jonathan\source\repos\casweb\precompilehtml\x64\debug\html_element.sbr
c:\users\jonathan\source\repos\casweb\precompilehtml\x64\debug\http.sbr
c:\users\jonathan\source\repos\casweb\precompilehtml\x64\debug\iframe_element.sbr
c:\users\jonathan\source\repos\casweb\precompilehtml\x64\debug\image_element.sbr
c:\users\jonathan\source\repos\casweb\precompilehtml\x64\debug\in.sbr
c:\users\jonathan\source\repos\casweb\precompilehtml\x64\debug\initial.sbr
c:\users\jonathan\source\repos\casweb\precompilehtml\x64\debug\input_element.sbr
c:\users\jonathan\source\repos\casweb\precompilehtml\x64\debug\interface.sbr
c:\users\jonathan\source\repos\casweb\precompilehtml\x64\debug\in_body.sbr
c:\users\jonathan\source\repos\casweb\precompilehtml\x64\debug\in_caption.sbr
c:\users\jonathan\source\repos\casweb\precompilehtml\x64\debug\in_cell.sbr
c:\users\jonathan\source\repos\casweb\precompilehtml\x64\debug\in_column_group.sbr
c:\users\jonathan\source\repos\casweb\precompilehtml\x64\debug\in_frameset.sbr
c:\users\jonathan\source\repos\casweb\precompilehtml\x64\debug\in_head.sbr
c:\users\jonathan\source\repos\casweb\precompilehtml\x64\debug\in_head_noscript.sbr
c:\users\jonathan\source\repos\casweb\precompilehtml\x64\debug\in_row.sbr
c:\users\jonathan\source\repos\casweb\precompilehtml\x64\debug\in_select.sbr
c:\users\jonathan\source\repos\casweb\precompilehtml\x64\debug\in_select_in_table.sbr
c:\users\jonathan\source\repos\casweb\precompilehtml\x64\debug\in_table.sbr
c:\users\jonathan\source\repos\casweb\precompilehtml\x64\debug\in_table_body.sbr
c:\users\jonathan\source\repos\casweb\precompilehtml\x64\debug\in_table_text.sbr
c:\users\jonathan\source\repos\casweb\precompilehtml\x64\debug\in_template.sbr
c:\users\jonathan\source\repos\casweb\precompilehtml\x64\debug\iso_2022_jp_katakana.sbr
c:\users\jonathan\source\repos\casweb\precompilehtml\x64\debug\jis0208.sbr
c:\users\jonathan\source\repos\casweb\precompilehtml\x64\debug\jis0212.sbr
c:\users\jonathan\source\repos\casweb\precompilehtml\x64\debug\label_element.sbr
c:\users\jonathan\source\repos\casweb\precompilehtml\x64\debug\legend_element.sbr
c:\users\jonathan\source\repos\casweb\precompilehtml\x64\debug\link_element.sbr
c:\users\jonathan\source\repos\casweb\precompilehtml\x64\debug\li_element.sbr
c:\users\jonathan\source\repos\casweb\precompilehtml\x64\debug\map_element.sbr
c:\users\jonathan\source\repos\casweb\precompilehtml\x64\debug\marquee_element.sbr
c:\users\jonathan\source\repos\casweb\precompilehtml\x64\debug\media_element.sbr
c:\users\jonathan\source\repos\casweb\precompilehtml\x64\debug\mem.sbr
c:\users\jonathan\source\repos\casweb\precompilehtml\x64\debug\memory.sbr
c:\users\jonathan\source\repos\casweb\precompilehtml\x64\debug\menu_element.sbr
c:\users\jonathan\source\repos\casweb\precompilehtml\x64\debug\meta_element.sbr
c:\users\jonathan\source\repos\casweb\precompilehtml\x64\debug\meter_element.sbr
c:\users\jonathan\source\repos\casweb\precompilehtml\x64\debug\mod_element.sbr
c:\users\jonathan\source\repos\casweb\precompilehtml\x64\debug\mraw.sbr
c:\users\jonathan\source\repos\casweb\precompilehtml\x64\debug\node.sbr
c:\users\jonathan\source\repos\casweb\precompilehtml\x64\debug\ns.sbr
c:\users\jonathan\source\repos\casweb\precompilehtml\x64\debug\object_element.sbr
c:\users\jonathan\source\repos\casweb\precompilehtml\x64\debug\open_elements.sbr
c:\users\jonathan\source\repos\casweb\precompilehtml\x64\debug\option_element.sbr
c:\users\jonathan\source\repos\casweb\precompilehtml\x64\debug\opt_group_element.sbr
c:\users\jonathan\source\repos\casweb\precompilehtml\x64\debug\output_element.sbr
c:\users\jonathan\source\repos\casweb\precompilehtml\x64\debug\o_list_element.sbr
c:\users\jonathan\source\repos\casweb\precompilehtml\x64\debug\paragraph_element.sbr
c:\users\jonathan\source\repos\casweb\precompilehtml\x64\debug\param_element.sbr
c:\users\jonathan\source\repos\casweb\precompilehtml\x64\debug\parser.sbr
c:\users\jonathan\source\repos\casweb\precompilehtml\x64\debug\parser_char.sbr
c:\users\jonathan\source\repos\casweb\precompilehtml\x64\debug\parser_char_ref.sbr
c:\users\jonathan\source\repos\casweb\precompilehtml\x64\debug\perf.sbr
c:\users\jonathan\source\repos\casweb\precompilehtml\x64\debug\picture_element.sbr
c:\users\jonathan\source\repos\casweb\precompilehtml\x64\debug\plog.sbr
c:\users\jonathan\source\repos\casweb\precompilehtml\x64\debug\pre_element.sbr
c:\users\jonathan\source\repos\casweb\precompilehtml\x64\debug\processing_instruction.sbr
c:\users\jonathan\source\repos\casweb\precompilehtml\x64\debug\progress_element.sbr
c:\users\jonathan\source\repos\casweb\precompilehtml\x64\debug\qualified_name.sbr
c:\users\jonathan\source\repos\casweb\precompilehtml\x64\debug\quote_element.sbr
c:\users\jonathan\source\repos\casweb\precompilehtml\x64\debug\range.sbr
c:\users\jonathan\source\repos\casweb\precompilehtml\x64\debug\res.sbr
c:\users\jonathan\source\repos\casweb\precompilehtml\x64\debug\script_element.sbr
c:\users\jonathan\source\repos\casweb\precompilehtml\x64\debug\select_element.sbr
c:\users\jonathan\source\repos\casweb\precompilehtml\x64\debug\serialize.sbr
c:\users\jonathan\source\repos\casweb\precompilehtml\x64\debug\shadow_root.sbr
c:\users\jonathan\source\repos\casweb\precompilehtml\x64\debug\shbst.sbr
c:\users\jonathan\source\repos\casweb\precompilehtml\x64\debug\shs.sbr
c:\users\jonathan\source\repos\casweb\precompilehtml\x64\debug\single.sbr
c:\users\jonathan\source\repos\casweb\precompilehtml\x64\debug\slot_element.sbr
c:\users\jonathan\source\repos\casweb\precompilehtml\x64\debug\source_element.sbr
c:\users\jonathan\source\repos\casweb\precompilehtml\x64\debug\span_element.sbr
c:\users\jonathan\source\repos\casweb\precompilehtml\x64\debug\state.sbr
c:\users\jonathan\source\repos\casweb\precompilehtml\x64\debug\state_comment.sbr
c:\users\jonathan\source\repos\casweb\precompilehtml\x64\debug\state_doctype.sbr
c:\users\jonathan\source\repos\casweb\precompilehtml\x64\debug\state_rawtext.sbr
c:\users\jonathan\source\repos\casweb\precompilehtml\x64\debug\state_rcdata.sbr
c:\users\jonathan\source\repos\casweb\precompilehtml\x64\debug\state_script.sbr
c:\users\jonathan\source\repos\casweb\precompilehtml\x64\debug\str.sbr
c:\users\jonathan\source\repos\casweb\precompilehtml\x64\debug\strtod.sbr
c:\users\jonathan\source\repos\casweb\precompilehtml\x64\debug\style_element.sbr
c:\users\jonathan\source\repos\casweb\precompilehtml\x64\debug\table_caption_element.sbr
c:\users\jonathan\source\repos\casweb\precompilehtml\x64\debug\table_cell_element.sbr
c:\users\jonathan\source\repos\casweb\precompilehtml\x64\debug\table_col_element.sbr
c:\users\jonathan\source\repos\casweb\precompilehtml\x64\debug\table_element.sbr
c:\users\jonathan\source\repos\casweb\precompilehtml\x64\debug\table_row_element.sbr
c:\users\jonathan\source\repos\casweb\precompilehtml\x64\debug\table_section_element.sbr
c:\users\jonathan\source\repos\casweb\precompilehtml\x64\debug\tag.sbr
c:\users\jonathan\source\repos\casweb\precompilehtml\x64\debug\template_element.sbr
c:\users\jonathan\source\repos\casweb\precompilehtml\x64\debug\template_insertion.sbr
c:\users\jonathan\source\repos\casweb\precompilehtml\x64\debug\text.sbr
c:\users\jonathan\source\repos\casweb\precompilehtml\x64\debug\text_area_element.sbr
c:\users\jonathan\source\repos\casweb\precompilehtml\x64\debug\time_element.sbr
c:\users\jonathan\source\repos\casweb\precompilehtml\x64\debug\title_element.sbr
c:\users\jonathan\source\repos\casweb\precompilehtml\x64\debug\token.sbr
c:\users\jonathan\source\repos\casweb\precompilehtml\x64\debug\tokenizer.sbr
c:\users\jonathan\source\repos\casweb\precompilehtml\x64\debug\token_attr.sbr
c:\users\jonathan\source\repos\casweb\precompilehtml\x64\debug\track_element.sbr
c:\users\jonathan\source\repos\casweb\precompilehtml\x64\debug\tree.sbr
c:\users\jonathan\source\repos\casweb\precompilehtml\x64\debug\unknown_element.sbr
c:\users\jonathan\source\repos\casweb\precompilehtml\x64\debug\utils.sbr
c:\users\jonathan\source\repos\casweb\precompilehtml\x64\debug\u_list_element.sbr
c:\users\jonathan\source\repos\casweb\precompilehtml\x64\debug\video_element.sbr
c:\users\jonathan\source\repos\casweb\precompilehtml\x64\debug\warc.sbr
c:\users\jonathan\source\repos\casweb\precompilehtml\x64\debug\window.sbr
c:\users\jonathan\source\repos\casweb\x64\debug\precompilehtml.bsc
c:\users\jonathan\source\repos\casweb\precompilehtml\x64\debug\precompilehtml.tlog\bscmake.command.1.tlog
c:\users\jonathan\source\repos\casweb\precompilehtml\x64\debug\precompilehtml.tlog\bscmake.read.1.tlog
c:\users\jonathan\source\repos\casweb\precompilehtml\x64\debug\precompilehtml.tlog\cl.command.1.tlog
c:\users\jonathan\source\repos\casweb\precompilehtml\x64\debug\precompilehtml.tlog\cl.read.1.tlog
c:\users\jonathan\source\repos\casweb\precompilehtml\x64\debug\precompilehtml.tlog\cl.write.1.tlog
c:\users\jonathan\source\repos\casweb\precompilehtml\x64\debug\precompilehtml.tlog\link.command.1.tlog
c:\users\jonathan\source\repos\casweb\precompilehtml\x64\debug\precompilehtml.tlog\link.read.1.tlog
c:\users\jonathan\source\repos\casweb\precompilehtml\x64\debug\precompilehtml.tlog\link.write.1.tlog
c:\users\jonathan\source\repos\casweb\precompilehtml\x64\debug\precompilehtml.tlog\precompilehtml.write.1u.tlog
