c:\users\jonathan\source\repos\casweb\web-server\x64\debug\route.sbr
c:\users\jonathan\source\repos\casweb\web-server\x64\debug\route.obj
c:\users\jonathan\source\repos\casweb\web-server\x64\debug\routing.sbr
c:\users\jonathan\source\repos\casweb\web-server\x64\debug\routing.obj
c:\users\jonathan\source\repos\casweb\web-server\x64\debug\routingengine.sbr
c:\users\jonathan\source\repos\casweb\web-server\x64\debug\routingengine.obj
c:\users\jonathan\source\repos\casweb\web-server\x64\debug\controller.sbr
c:\users\jonathan\source\repos\casweb\web-server\x64\debug\controller.obj
c:\users\jonathan\source\repos\casweb\web-server\x64\debug\webserver.sbr
c:\users\jonathan\source\repos\casweb\web-server\x64\debug\webserver.obj
c:\users\jonathan\source\repos\casweb\web-server\x64\debug\urlhelper.sbr
c:\users\jonathan\source\repos\casweb\web-server\x64\debug\urlhelper.obj
c:\users\jonathan\source\repos\casweb\web-server\x64\debug\stdhelpers.sbr
c:\users\jonathan\source\repos\casweb\web-server\x64\debug\stdhelpers.obj
c:\users\jonathan\source\repos\casweb\web-server\x64\debug\part.sbr
c:\users\jonathan\source\repos\casweb\web-server\x64\debug\part.obj
c:\users\jonathan\source\repos\casweb\web-server\x64\debug\socket.sbr
c:\users\jonathan\source\repos\casweb\web-server\x64\debug\socket.obj
c:\users\jonathan\source\repos\casweb\web-server\x64\debug\main.sbr
c:\users\jonathan\source\repos\casweb\web-server\x64\debug\main.obj
c:\users\jonathan\source\repos\casweb\web-server\x64\debug\base64.sbr
c:\users\jonathan\source\repos\casweb\web-server\x64\debug\base64.obj
c:\users\jonathan\source\repos\casweb\web-server\x64\debug\vc142.pdb
c:\users\jonathan\source\repos\casweb\x64\debug\web-server.ilk
c:\users\jonathan\source\repos\casweb\x64\debug\web-server.exe
c:\users\jonathan\source\repos\casweb\x64\debug\web-server.pdb
c:\users\jonathan\source\repos\casweb\web-server\x64\debug\vc142.idb
c:\users\jonathan\source\repos\casweb\x64\debug\web-server.bsc
c:\users\jonathan\source\repos\casweb\web-server\x64\debug\web-server.tlog\bscmake.command.1.tlog
c:\users\jonathan\source\repos\casweb\web-server\x64\debug\web-server.tlog\bscmake.read.1.tlog
c:\users\jonathan\source\repos\casweb\web-server\x64\debug\web-server.tlog\cl.10188.write.1.tlog
c:\users\jonathan\source\repos\casweb\web-server\x64\debug\web-server.tlog\cl.command.1.tlog
c:\users\jonathan\source\repos\casweb\web-server\x64\debug\web-server.tlog\cl.read.1.tlog
c:\users\jonathan\source\repos\casweb\web-server\x64\debug\web-server.tlog\link.command.1.tlog
c:\users\jonathan\source\repos\casweb\web-server\x64\debug\web-server.tlog\link.read.1.tlog
c:\users\jonathan\source\repos\casweb\web-server\x64\debug\web-server.tlog\link.write.1.tlog
